Using pre-set license
Built from '2020.3/staging' branch; Version is '2020.3.20f1 (41c4e627c95f) revision 4310246'; Using compiler version '192528614'; Build Type 'Release'
OS: 'Windows 10 Home; OS build 22000.434; Version 2009; 64bit' Language: 'en' Physical Memory: 15791 MB
BatchMode: 1, IsHumanControllingUs: 0, StartBugReporterOnCrash: 0, Is64bit: 1, IsPro: 0

COMMAND LINE ARGUMENTS:
C:\Program Files\Unity\Hub\Editor\2020.3.20f1\Editor\Unity.exe
-adb2
-batchMode
-noUpm
-name
AssetImportWorker0
-projectPath
C:/Users/nikit/Documents/GitHub/Task-Unity-developer/Task-Unity-developer
-logFile
Logs/AssetImportWorker0.log
-srvPort
60078
Successfully changed project path to: C:/Users/nikit/Documents/GitHub/Task-Unity-developer/Task-Unity-developer
C:/Users/nikit/Documents/GitHub/Task-Unity-developer/Task-Unity-developer
Using Asset Import Pipeline V2.
Refreshing native plugins compatible for Editor in 103.56 ms, found 3 plugins.
Preloading 0 native plugins for Editor in 0.00 ms.
Initialize engine version: 2020.3.20f1 (41c4e627c95f)
[Subsystems] Discovering subsystems at path C:/Program Files/Unity/Hub/Editor/2020.3.20f1/Editor/Data/Resources/UnitySubsystems
[Subsystems] Discovering subsystems at path C:/Users/nikit/Documents/GitHub/Task-Unity-developer/Task-Unity-developer/Assets
GfxDevice: creating device client; threaded=0
Direct3D:
    Version:  Direct3D 11.0 [level 11.1]
    Renderer: NVIDIA GeForce GTX 1650 Ti (ID=0x1f95)
    Vendor:   
    VRAM:     3962 MB
    Driver:   30.0.15.1123
Initialize mono
Mono path[0] = 'C:/Program Files/Unity/Hub/Editor/2020.3.20f1/Editor/Data/Managed'
Mono path[1] = 'C:/Program Files/Unity/Hub/Editor/2020.3.20f1/Editor/Data/MonoBleedingEdge/lib/mono/unityjit'
Mono config path = 'C:/Program Files/Unity/Hub/Editor/2020.3.20f1/Editor/Data/MonoBleedingEdge/etc'
Using monoOptions --debugger-agent=transport=dt_socket,embedding=1,server=y,suspend=n,address=127.0.0.1:56688
Begin MonoManager ReloadAssembly
Registering precompiled unity dll's ...
Register platform support module: C:/Program Files/Unity/Hub/Editor/2020.3.20f1/Editor/Data/PlaybackEngines/WindowsStandaloneSupport/UnityEditor.WindowsStandalone.Extensions.dll
Registered in 0.003049 seconds.
Native extension for WindowsStandalone target not found
Refreshing native plugins compatible for Editor in 95.95 ms, found 3 plugins.
Preloading 0 native plugins for Editor in 0.00 ms.
Mono: successfully reloaded assembly
- Completed reload, in  1.986 seconds
Domain Reload Profiling:
	ReloadAssembly (1987ms)
		BeginReloadAssembly (98ms)
			ExecutionOrderSort (0ms)
			DisableScriptedObjects (0ms)
			BackupInstance (0ms)
			ReleaseScriptingObjects (0ms)
			CreateAndSetChildDomain (1ms)
		EndReloadAssembly (824ms)
			LoadAssemblies (94ms)
			RebuildTransferFunctionScriptingTraits (0ms)
			SetupTypeCache (286ms)
			ReleaseScriptCaches (0ms)
			RebuildScriptCaches (62ms)
			SetupLoadedEditorAssemblies (346ms)
				LogAssemblyErrors (0ms)
				InitializePlatformSupportModulesInManaged (7ms)
				SetLoadedEditorAssemblies (0ms)
				RefreshPlugins (96ms)
				BeforeProcessingInitializeOnLoad (30ms)
				ProcessInitializeOnLoadAttributes (157ms)
				ProcessInitializeOnLoadMethodAttributes (55ms)
				AfterProcessingInitializeOnLoad (0ms)
				EditorAssembliesLoaded (0ms)
			ExecutionOrderSort2 (0ms)
			AwakeInstancesAfterBackupRestoration (0ms)
Platform modules already initialized, skipping
Registering precompiled user dll's ...
Registered in 0.006071 seconds.
Begin MonoManager ReloadAssembly
Native extension for WindowsStandalone target not found
Refreshing native plugins compatible for Editor in 95.11 ms, found 3 plugins.
Preloading 0 native plugins for Editor in 0.00 ms.
Mono: successfully reloaded assembly
- Completed reload, in  2.138 seconds
Domain Reload Profiling:
	ReloadAssembly (2140ms)
		BeginReloadAssembly (273ms)
			ExecutionOrderSort (0ms)
			DisableScriptedObjects (8ms)
			BackupInstance (0ms)
			ReleaseScriptingObjects (0ms)
			CreateAndSetChildDomain (30ms)
		EndReloadAssembly (1741ms)
			LoadAssemblies (164ms)
			RebuildTransferFunctionScriptingTraits (0ms)
			SetupTypeCache (555ms)
			ReleaseScriptCaches (1ms)
			RebuildScriptCaches (92ms)
			SetupLoadedEditorAssemblies (689ms)
				LogAssemblyErrors (0ms)
				InitializePlatformSupportModulesInManaged (7ms)
				SetLoadedEditorAssemblies (0ms)
				RefreshPlugins (95ms)
				BeforeProcessingInitializeOnLoad (165ms)
				ProcessInitializeOnLoadAttributes (381ms)
				ProcessInitializeOnLoadMethodAttributes (26ms)
				AfterProcessingInitializeOnLoad (14ms)
				EditorAssembliesLoaded (0ms)
			ExecutionOrderSort2 (0ms)
			AwakeInstancesAfterBackupRestoration (13ms)
Platform modules already initialized, skipping
========================================================================
Worker process is ready to serve import requests
Launched and connected shader compiler UnityShaderCompiler.exe after 0.07 seconds
Refreshing native plugins compatible for Editor in 1.00 ms, found 3 plugins.
Preloading 0 native plugins for Editor in 0.00 ms.
Unloading 2197 Unused Serialized files (Serialized files now loaded: 0)
System memory in use before: 96.1 MB.
System memory in use after: 96.2 MB.

Unloading 39 unused Assets to reduce memory usage. Loaded Objects now: 2626.
Total: 6.590000 ms (FindLiveObjects: 0.366300 ms CreateObjectMapping: 0.171800 ms MarkObjects: 5.915600 ms  DeleteObjects: 0.133500 ms)

AssetImportParameters requested are different than current active one (requested -> active):
  custom:framework-win-MediaFoundation: 216162199b28c13a410421893ffa2e32 -> 
  custom:video-decoder-ogg-theora: a1e56fd34408186e4bbccfd4996cb3dc -> 
  custom:container-muxer-webm: aa71ff27fc2769a1b78a27578f13a17b -> 
  custom:container-demuxer-webm: 4f35f7cbe854078d1ac9338744f61a02 -> 
  custom:container-demuxer-ogg: 62fdf1f143b41e24485cea50d1cbac27 -> 
  custom:video-encoder-webm-vp8: eb34c28f22e8b96e1ab97ce403110664 -> 
  custom:video-decoder-webm-vp8: 9c59270c3fd7afecdb556c50c9e8de78 -> 
  custom:audio-decoder-ogg-vorbis: bf7c407c2cedff20999df2af8eb42d56 -> 
  custom:audio-encoder-webm-vorbis: bf7c407c2cedff20999df2af8eb42d56 -> 
========================================================================
Received Import Request.
  path: Assets/Shaders
  artifactKey: Guid(6c951ffc9033ec34ba0f428b4dbb9d6d) Importer(815301076,1909f56bfc062723c751e8b465ee728b)
Start importing Assets/Shaders using Guid(6c951ffc9033ec34ba0f428b4dbb9d6d) Importer(815301076,1909f56bfc062723c751e8b465ee728b)  -> (artifact id: '8b23c486140c07ab9b71d2ea7063a00a') in 0.009212 seconds 
  Import took 0.015382 seconds .

========================================================================
Received Import Request.
  Time since last request: 77.684811 seconds.
  path: Assets/Shaders/Mask.shader
  artifactKey: Guid(8d2c7d473c1274f41ad5a9051b7d67a1) Importer(815301076,1909f56bfc062723c751e8b465ee728b)
Start importing Assets/Shaders/Mask.shader using Guid(8d2c7d473c1274f41ad5a9051b7d67a1) Importer(815301076,1909f56bfc062723c751e8b465ee728b)  -> (artifact id: 'c5e6a9ef080b28ec18ad770617a259d1') in 0.062190 seconds 
  Import took 0.069100 seconds .

========================================================================
Received Import Request.
  Time since last request: 243.753419 seconds.
  path: Assets/Shaders/Mask.shader
  artifactKey: Guid(8d2c7d473c1274f41ad5a9051b7d67a1) Importer(815301076,1909f56bfc062723c751e8b465ee728b)
Start importing Assets/Shaders/Mask.shader using Guid(8d2c7d473c1274f41ad5a9051b7d67a1) Importer(815301076,1909f56bfc062723c751e8b465ee728b)  -> (artifact id: '28c41c776e929b2bd2e61259d98f13ff') in 0.008550 seconds 
  Import took 0.015759 seconds .

========================================================================
Received Import Request.
  Time since last request: 15.893720 seconds.
  path: Assets/Shaders/WriteStencil.shader
  artifactKey: Guid(689ee90f3c941d142a01d5547e0becb8) Importer(815301076,1909f56bfc062723c751e8b465ee728b)
Start importing Assets/Shaders/WriteStencil.shader using Guid(689ee90f3c941d142a01d5547e0becb8) Importer(815301076,1909f56bfc062723c751e8b465ee728b)  -> (artifact id: '21fcce59d0b7501a67477697b23824e6') in 0.008038 seconds 
  Import took 0.014901 seconds .

========================================================================
Received Import Request.
  Time since last request: 389.571547 seconds.
  path: Assets/Shaders/WriteStencil.shader
  artifactKey: Guid(689ee90f3c941d142a01d5547e0becb8) Importer(815301076,1909f56bfc062723c751e8b465ee728b)
Start importing Assets/Shaders/WriteStencil.shader using Guid(689ee90f3c941d142a01d5547e0becb8) Importer(815301076,1909f56bfc062723c751e8b465ee728b) Shader Unlit/WriteStencil uses undefined Queue: 'Geometry - 1'
0x00007ff685e37c1c (Unity) StackWalker::GetCurrentCallstack
0x00007ff685e402b9 (Unity) StackWalker::ShowCallstack
0x00007ff6873645bc (Unity) GetStacktrace
0x00007ff6884956f3 (Unity) DebugStringToFile
0x00007ff685739450 (Unity) ShaderLab::SubShader::PostLoad
0x00007ff68572e7fc (Unity) ShaderLab::IntShader::PostLoad
0x00007ff68850647d (Unity) Shader::PostLoad
0x00007ff688501c73 (Unity) Shader::AwakeFromLoad
0x00007ff685dc125f (Unity) AwakeFromLoadQueue::InvokePersistentManagerAwake
0x00007ff685dc1bb2 (Unity) AwakeFromLoadQueue::PersistentManagerAwakeFromLoad
0x00007ff685dc1d3a (Unity) AwakeFromLoadQueue::PersistentManagerAwakeFromLoad
0x00007ff685d4ce2e (Unity) PersistentManager::IntegrateAllThreadedObjects
0x00007ff685d4d847 (Unity) PersistentManager::LoadAndIntegrateAllPreallocatedObjects
0x00007ff685d50dd3 (Unity) PersistentManager::ReadObject
0x00007ff687432bc1 (Unity) WritePreviews
0x00007ff68742ca8e (Unity) PreviewImporter::GenerateAssetData
0x00007ff687521a59 (Unity) ImportToObjects
0x00007ff687520a98 (Unity) ImportAsset
0x00007ff6874827f8 (Unity) AssetImportWorker::Import
0x00007ff6874d5b8a (Unity) <lambda_7448d646502792db0127dc89657ec83e>::operator()
0x00007ff68757a262 (Unity) asio::detail::completion_handler<core::mutable_function<void __cdecl(void)> >::do_complete
0x00007ff68757c3c0 (Unity) asio::detail::win_iocp_io_service::do_one
0x00007ff68757fb4e (Unity) asio::io_service::run
0x00007ff6875029eb (Unity) RunAssetImportWorkerClientV2
0x00007ff687502a40 (Unity) RunAssetImporterV2
0x00007ff6869c6616 (Unity) Application::InitializeProject
0x00007ff687371b22 (Unity) WinMain
0x00007ff6891c92b6 (Unity) __scrt_common_main_seh
0x00007ffdef3554e0 (KERNEL32) BaseThreadInitThunk
0x00007ffdf084485b (ntdll) RtlUserThreadStart

Shader Unlit/WriteStencil uses undefined Queue: 'Geometry - 1'
0x00007ff685e37c1c (Unity) StackWalker::GetCurrentCallstack
0x00007ff685e402b9 (Unity) StackWalker::ShowCallstack
0x00007ff6873645bc (Unity) GetStacktrace
0x00007ff6884956f3 (Unity) DebugStringToFile
0x00007ff68572efb4 (Unity) ShaderLab::IntShader::PostLoad
0x00007ff68850647d (Unity) Shader::PostLoad
0x00007ff688501c73 (Unity) Shader::AwakeFromLoad
0x00007ff685dc125f (Unity) AwakeFromLoadQueue::InvokePersistentManagerAwake
0x00007ff685dc1bb2 (Unity) AwakeFromLoadQueue::PersistentManagerAwakeFromLoad
0x00007ff685dc1d3a (Unity) AwakeFromLoadQueue::PersistentManagerAwakeFromLoad
0x00007ff685d4ce2e (Unity) PersistentManager::IntegrateAllThreadedObjects
0x00007ff685d4d847 (Unity) PersistentManager::LoadAndIntegrateAllPreallocatedObjects
0x00007ff685d50dd3 (Unity) PersistentManager::ReadObject
0x00007ff687432bc1 (Unity) WritePreviews
0x00007ff68742ca8e (Unity) PreviewImporter::GenerateAssetData
0x00007ff687521a59 (Unity) ImportToObjects
0x00007ff687520a98 (Unity) ImportAsset
0x00007ff6874827f8 (Unity) AssetImportWorker::Import
0x00007ff6874d5b8a (Unity) <lambda_7448d646502792db0127dc89657ec83e>::operator()
0x00007ff68757a262 (Unity) asio::detail::completion_handler<core::mutable_function<void __cdecl(void)> >::do_complete
0x00007ff68757c3c0 (Unity) asio::detail::win_iocp_io_service::do_one
0x00007ff68757fb4e (Unity) asio::io_service::run
0x00007ff6875029eb (Unity) RunAssetImportWorkerClientV2
0x00007ff687502a40 (Unity) RunAssetImporterV2
0x00007ff6869c6616 (Unity) Application::InitializeProject
0x00007ff687371b22 (Unity) WinMain
0x00007ff6891c92b6 (Unity) __scrt_common_main_seh
0x00007ffdef3554e0 (KERNEL32) BaseThreadInitThunk
0x00007ffdf084485b (ntdll) RtlUserThreadStart

 -> (artifact id: 'd1a1a72a7ca3bb62b691e6bb8b3a3247') in 0.756267 seconds 
  Import took 0.762657 seconds .

========================================================================
Received Import Request.
  Time since last request: 43.620487 seconds.
  path: Assets/Shaders/WriteStencil.shader
  artifactKey: Guid(689ee90f3c941d142a01d5547e0becb8) Importer(815301076,1909f56bfc062723c751e8b465ee728b)
Start importing Assets/Shaders/WriteStencil.shader using Guid(689ee90f3c941d142a01d5547e0becb8) Importer(815301076,1909f56bfc062723c751e8b465ee728b)  -> (artifact id: 'a37021b335952a83144350b7c3d774fb') in 0.005579 seconds 
  Import took 0.012417 seconds .

========================================================================
Received Prepare
Registering precompiled user dll's ...
Registered in 0.006016 seconds.
Begin MonoManager ReloadAssembly
Native extension for WindowsStandalone target not found
Refreshing native plugins compatible for Editor in 1.02 ms, found 3 plugins.
Preloading 0 native plugins for Editor in 0.00 ms.
Mono: successfully reloaded assembly
- Completed reload, in  1.944 seconds
Domain Reload Profiling:
	ReloadAssembly (1945ms)
		BeginReloadAssembly (191ms)
			ExecutionOrderSort (0ms)
			DisableScriptedObjects (12ms)
			BackupInstance (0ms)
			ReleaseScriptingObjects (0ms)
			CreateAndSetChildDomain (58ms)
		EndReloadAssembly (1623ms)
			LoadAssemblies (165ms)
			RebuildTransferFunctionScriptingTraits (0ms)
			SetupTypeCache (550ms)
			ReleaseScriptCaches (2ms)
			RebuildScriptCaches (85ms)
			SetupLoadedEditorAssemblies (584ms)
				LogAssemblyErrors (0ms)
				InitializePlatformSupportModulesInManaged (9ms)
				SetLoadedEditorAssemblies (1ms)
				RefreshPlugins (1ms)
				BeforeProcessingInitializeOnLoad (165ms)
				ProcessInitializeOnLoadAttributes (385ms)
				ProcessInitializeOnLoadMethodAttributes (11ms)
				AfterProcessingInitializeOnLoad (11ms)
				EditorAssembliesLoaded (0ms)
			ExecutionOrderSort2 (0ms)
			AwakeInstancesAfterBackupRestoration (23ms)
Platform modules already initialized, skipping
Switching build target platform(19) subTarget(0) extendedPlatform(0) -> platform(13) subTarget(537395200) extendedPlatform(0)
Refreshing native plugins compatible for Editor in 1.03 ms, found 3 plugins.
Preloading 0 native plugins for Editor in 0.00 ms.
Unloading 2192 Unused Serialized files (Serialized files now loaded: 0)
System memory in use before: 96.7 MB.
System memory in use after: 96.4 MB.

Unloading 29 unused Assets to reduce memory usage. Loaded Objects now: 2630.
Total: 6.960700 ms (FindLiveObjects: 0.386700 ms CreateObjectMapping: 0.154900 ms MarkObjects: 5.894000 ms  DeleteObjects: 0.522700 ms)

AssetImportParameters requested are different than current active one (requested -> active):
  custom:framework-win-MediaFoundation: 216162199b28c13a410421893ffa2e32 -> 
  custom:video-decoder-ogg-theora: a1e56fd34408186e4bbccfd4996cb3dc -> 
  custom:container-muxer-webm: aa71ff27fc2769a1b78a27578f13a17b -> 
  custom:container-demuxer-webm: 4f35f7cbe854078d1ac9338744f61a02 -> 
  custom:container-demuxer-ogg: 62fdf1f143b41e24485cea50d1cbac27 -> 
  custom:video-encoder-webm-vp8: eb34c28f22e8b96e1ab97ce403110664 -> 
  custom:video-decoder-webm-vp8: 9c59270c3fd7afecdb556c50c9e8de78 -> 
  custom:graphics/normal-map-encoding: 01000000000000000000000000000000 -> 02000000000000000000000000000000
  custom:audio-decoder-ogg-vorbis: bf7c407c2cedff20999df2af8eb42d56 -> 
  custom:audio-encoder-webm-vorbis: bf7c407c2cedff20999df2af8eb42d56 -> 
========================================================================
Received Import Request.
  Time since last request: 41.510918 seconds.
  path: Assets/Materials
  artifactKey: Guid(09c6bacca6a2e64468fde4020454d32a) Importer(815301076,1909f56bfc062723c751e8b465ee728b)
Start importing Assets/Materials using Guid(09c6bacca6a2e64468fde4020454d32a) Importer(815301076,1909f56bfc062723c751e8b465ee728b)  -> (artifact id: '36a4ca94492817c95f91d4f5680d8e4e') in 0.009412 seconds 
  Import took 0.015553 seconds .

========================================================================
Received Import Request.
  Time since last request: 5.477679 seconds.
  path: Assets/Materials/Mask.mat
  artifactKey: Guid(0f8cdc62be70b624d91ba16bc7cc2433) Importer(815301076,1909f56bfc062723c751e8b465ee728b)
Start importing Assets/Materials/Mask.mat using Guid(0f8cdc62be70b624d91ba16bc7cc2433) Importer(815301076,1909f56bfc062723c751e8b465ee728b)  -> (artifact id: 'cb6660fca7eb9f7135b04a027c70875b') in 0.457058 seconds 
  Import took 0.464093 seconds .

========================================================================
Received Prepare
Registering precompiled user dll's ...
Registered in 0.006067 seconds.
Begin MonoManager ReloadAssembly
Native extension for WindowsStandalone target not found
Refreshing native plugins compatible for Editor in 1.09 ms, found 3 plugins.
Preloading 0 native plugins for Editor in 0.00 ms.
Mono: successfully reloaded assembly
- Completed reload, in  1.923 seconds
Domain Reload Profiling:
	ReloadAssembly (1924ms)
		BeginReloadAssembly (187ms)
			ExecutionOrderSort (0ms)
			DisableScriptedObjects (12ms)
			BackupInstance (0ms)
			ReleaseScriptingObjects (0ms)
			CreateAndSetChildDomain (59ms)
		EndReloadAssembly (1611ms)
			LoadAssemblies (160ms)
			RebuildTransferFunctionScriptingTraits (0ms)
			SetupTypeCache (557ms)
			ReleaseScriptCaches (2ms)
			RebuildScriptCaches (85ms)
			SetupLoadedEditorAssemblies (565ms)
				LogAssemblyErrors (0ms)
				InitializePlatformSupportModulesInManaged (9ms)
				SetLoadedEditorAssemblies (1ms)
				RefreshPlugins (1ms)
				BeforeProcessingInitializeOnLoad (163ms)
				ProcessInitializeOnLoadAttributes (368ms)
				ProcessInitializeOnLoadMethodAttributes (11ms)
				AfterProcessingInitializeOnLoad (11ms)
				EditorAssembliesLoaded (0ms)
			ExecutionOrderSort2 (0ms)
			AwakeInstancesAfterBackupRestoration (20ms)
Platform modules already initialized, skipping
Switching build target platform(19) subTarget(0) extendedPlatform(0) -> platform(13) subTarget(537395200) extendedPlatform(0)
Refreshing native plugins compatible for Editor in 1.05 ms, found 3 plugins.
Preloading 0 native plugins for Editor in 0.00 ms.
Unloading 2192 Unused Serialized files (Serialized files now loaded: 0)
System memory in use before: 100.0 MB.
System memory in use after: 99.7 MB.

Unloading 29 unused Assets to reduce memory usage. Loaded Objects now: 2673.
Total: 6.397300 ms (FindLiveObjects: 0.349300 ms CreateObjectMapping: 0.138800 ms MarkObjects: 5.354300 ms  DeleteObjects: 0.552700 ms)

AssetImportParameters requested are different than current active one (requested -> active):
  custom:framework-win-MediaFoundation: 216162199b28c13a410421893ffa2e32 -> 
  custom:video-decoder-ogg-theora: a1e56fd34408186e4bbccfd4996cb3dc -> 
  custom:container-muxer-webm: aa71ff27fc2769a1b78a27578f13a17b -> 
  custom:container-demuxer-webm: 4f35f7cbe854078d1ac9338744f61a02 -> 
  custom:container-demuxer-ogg: 62fdf1f143b41e24485cea50d1cbac27 -> 
  custom:video-encoder-webm-vp8: eb34c28f22e8b96e1ab97ce403110664 -> 
  custom:video-decoder-webm-vp8: 9c59270c3fd7afecdb556c50c9e8de78 -> 
  custom:graphics/normal-map-encoding: 01000000000000000000000000000000 -> 02000000000000000000000000000000
  custom:audio-decoder-ogg-vorbis: bf7c407c2cedff20999df2af8eb42d56 -> 
  custom:audio-encoder-webm-vorbis: bf7c407c2cedff20999df2af8eb42d56 -> 
========================================================================
Received Prepare
Registering precompiled user dll's ...
Registered in 0.006238 seconds.
Begin MonoManager ReloadAssembly
Native extension for WindowsStandalone target not found
Refreshing native plugins compatible for Editor in 1.03 ms, found 3 plugins.
Preloading 0 native plugins for Editor in 0.00 ms.
Mono: successfully reloaded assembly
- Completed reload, in  1.951 seconds
Domain Reload Profiling:
	ReloadAssembly (1952ms)
		BeginReloadAssembly (190ms)
			ExecutionOrderSort (0ms)
			DisableScriptedObjects (12ms)
			BackupInstance (0ms)
			ReleaseScriptingObjects (0ms)
			CreateAndSetChildDomain (59ms)
		EndReloadAssembly (1633ms)
			LoadAssemblies (171ms)
			RebuildTransferFunctionScriptingTraits (0ms)
			SetupTypeCache (545ms)
			ReleaseScriptCaches (2ms)
			RebuildScriptCaches (87ms)
			SetupLoadedEditorAssemblies (583ms)
				LogAssemblyErrors (0ms)
				InitializePlatformSupportModulesInManaged (9ms)
				SetLoadedEditorAssemblies (1ms)
				RefreshPlugins (1ms)
				BeforeProcessingInitializeOnLoad (171ms)
				ProcessInitializeOnLoadAttributes (379ms)
				ProcessInitializeOnLoadMethodAttributes (11ms)
				AfterProcessingInitializeOnLoad (11ms)
				EditorAssembliesLoaded (0ms)
			ExecutionOrderSort2 (0ms)
			AwakeInstancesAfterBackupRestoration (20ms)
Platform modules already initialized, skipping
Switching build target platform(19) subTarget(0) extendedPlatform(0) -> platform(13) subTarget(537395200) extendedPlatform(0)
Refreshing native plugins compatible for Editor in 1.04 ms, found 3 plugins.
Preloading 0 native plugins for Editor in 0.00 ms.
Unloading 2192 Unused Serialized files (Serialized files now loaded: 0)
System memory in use before: 100.0 MB.
System memory in use after: 99.7 MB.

Unloading 29 unused Assets to reduce memory usage. Loaded Objects now: 2676.
Total: 6.861100 ms (FindLiveObjects: 0.316800 ms CreateObjectMapping: 0.114700 ms MarkObjects: 5.845500 ms  DeleteObjects: 0.582400 ms)

AssetImportParameters requested are different than current active one (requested -> active):
  custom:framework-win-MediaFoundation: 216162199b28c13a410421893ffa2e32 -> 
  custom:video-decoder-ogg-theora: a1e56fd34408186e4bbccfd4996cb3dc -> 
  custom:container-muxer-webm: aa71ff27fc2769a1b78a27578f13a17b -> 
  custom:container-demuxer-webm: 4f35f7cbe854078d1ac9338744f61a02 -> 
  custom:container-demuxer-ogg: 62fdf1f143b41e24485cea50d1cbac27 -> 
  custom:video-encoder-webm-vp8: eb34c28f22e8b96e1ab97ce403110664 -> 
  custom:video-decoder-webm-vp8: 9c59270c3fd7afecdb556c50c9e8de78 -> 
  custom:graphics/normal-map-encoding: 01000000000000000000000000000000 -> 02000000000000000000000000000000
  custom:audio-decoder-ogg-vorbis: bf7c407c2cedff20999df2af8eb42d56 -> 
  custom:audio-encoder-webm-vorbis: bf7c407c2cedff20999df2af8eb42d56 -> 
========================================================================
Received Prepare
Registering precompiled user dll's ...
Registered in 0.006010 seconds.
Begin MonoManager ReloadAssembly
Native extension for WindowsStandalone target not found
Refreshing native plugins compatible for Editor in 1.07 ms, found 3 plugins.
Preloading 0 native plugins for Editor in 0.00 ms.
Mono: successfully reloaded assembly
- Completed reload, in  1.977 seconds
Domain Reload Profiling:
	ReloadAssembly (1978ms)
		BeginReloadAssembly (198ms)
			ExecutionOrderSort (0ms)
			DisableScriptedObjects (12ms)
			BackupInstance (0ms)
			ReleaseScriptingObjects (0ms)
			CreateAndSetChildDomain (58ms)
		EndReloadAssembly (1647ms)
			LoadAssemblies (163ms)
			RebuildTransferFunctionScriptingTraits (0ms)
			SetupTypeCache (542ms)
			ReleaseScriptCaches (2ms)
			RebuildScriptCaches (87ms)
			SetupLoadedEditorAssemblies (592ms)
				LogAssemblyErrors (0ms)
				InitializePlatformSupportModulesInManaged (10ms)
				SetLoadedEditorAssemblies (1ms)
				RefreshPlugins (1ms)
				BeforeProcessingInitializeOnLoad (175ms)
				ProcessInitializeOnLoadAttributes (379ms)
				ProcessInitializeOnLoadMethodAttributes (13ms)
				AfterProcessingInitializeOnLoad (12ms)
				EditorAssembliesLoaded (0ms)
			ExecutionOrderSort2 (0ms)
			AwakeInstancesAfterBackupRestoration (20ms)
Platform modules already initialized, skipping
Switching build target platform(19) subTarget(0) extendedPlatform(0) -> platform(13) subTarget(537395200) extendedPlatform(0)
Refreshing native plugins compatible for Editor in 1.03 ms, found 3 plugins.
Preloading 0 native plugins for Editor in 0.00 ms.
Unloading 2192 Unused Serialized files (Serialized files now loaded: 0)
System memory in use before: 100.0 MB.
System memory in use after: 99.7 MB.

Unloading 29 unused Assets to reduce memory usage. Loaded Objects now: 2679.
Total: 6.919700 ms (FindLiveObjects: 0.339000 ms CreateObjectMapping: 0.127400 ms MarkObjects: 5.841900 ms  DeleteObjects: 0.609300 ms)

AssetImportParameters requested are different than current active one (requested -> active):
  custom:framework-win-MediaFoundation: 216162199b28c13a410421893ffa2e32 -> 
  custom:video-decoder-ogg-theora: a1e56fd34408186e4bbccfd4996cb3dc -> 
  custom:container-muxer-webm: aa71ff27fc2769a1b78a27578f13a17b -> 
  custom:container-demuxer-webm: 4f35f7cbe854078d1ac9338744f61a02 -> 
  custom:container-demuxer-ogg: 62fdf1f143b41e24485cea50d1cbac27 -> 
  custom:video-encoder-webm-vp8: eb34c28f22e8b96e1ab97ce403110664 -> 
  custom:video-decoder-webm-vp8: 9c59270c3fd7afecdb556c50c9e8de78 -> 
  custom:graphics/normal-map-encoding: 01000000000000000000000000000000 -> 02000000000000000000000000000000
  custom:audio-decoder-ogg-vorbis: bf7c407c2cedff20999df2af8eb42d56 -> 
  custom:audio-encoder-webm-vorbis: bf7c407c2cedff20999df2af8eb42d56 -> 
========================================================================
Received Import Request.
  Time since last request: 1524.830777 seconds.
  path: Assets/Shaders/Test.shader
  artifactKey: Guid(dab138bda0722a142b6d543f36fdf21e) Importer(815301076,1909f56bfc062723c751e8b465ee728b)
Start importing Assets/Shaders/Test.shader using Guid(dab138bda0722a142b6d543f36fdf21e) Importer(815301076,1909f56bfc062723c751e8b465ee728b)  -> (artifact id: '1ff99caa997653d360dd60ab1c585b76') in 0.028635 seconds 
  Import took 0.036536 seconds .

========================================================================
Received Import Request.
  Time since last request: 14.456965 seconds.
  path: Assets/Shaders/Test.shader
  artifactKey: Guid(dab138bda0722a142b6d543f36fdf21e) Importer(815301076,1909f56bfc062723c751e8b465ee728b)
Start importing Assets/Shaders/Test.shader using Guid(dab138bda0722a142b6d543f36fdf21e) Importer(815301076,1909f56bfc062723c751e8b465ee728b)  -> (artifact id: '8bd5a2c9581a19b888f68b666027fa51') in 0.005968 seconds 
  Import took 0.012259 seconds .

========================================================================
Received Import Request.
  Time since last request: 1353.376829 seconds.
  path: Assets/Materials/Mask.mat
  artifactKey: Guid(0f8cdc62be70b624d91ba16bc7cc2433) Importer(815301076,1909f56bfc062723c751e8b465ee728b)
Start importing Assets/Materials/Mask.mat using Guid(0f8cdc62be70b624d91ba16bc7cc2433) Importer(815301076,1909f56bfc062723c751e8b465ee728b)  -> (artifact id: '620ba8594f6e51303a02bbc61c485157') in 0.127663 seconds 
  Import took 0.134392 seconds .

========================================================================
Received Prepare
Registering precompiled user dll's ...
Registered in 0.006697 seconds.
Begin MonoManager ReloadAssembly
Native extension for WindowsStandalone target not found
Refreshing native plugins compatible for Editor in 1.11 ms, found 3 plugins.
Preloading 0 native plugins for Editor in 0.00 ms.
Mono: successfully reloaded assembly
- Completed reload, in  1.994 seconds
Domain Reload Profiling:
	ReloadAssembly (1995ms)
		BeginReloadAssembly (199ms)
			ExecutionOrderSort (0ms)
			DisableScriptedObjects (10ms)
			BackupInstance (0ms)
			ReleaseScriptingObjects (0ms)
			CreateAndSetChildDomain (59ms)
		EndReloadAssembly (1665ms)
			LoadAssemblies (169ms)
			RebuildTransferFunctionScriptingTraits (0ms)
			SetupTypeCache (549ms)
			ReleaseScriptCaches (2ms)
			RebuildScriptCaches (86ms)
			SetupLoadedEditorAssemblies (588ms)
				LogAssemblyErrors (0ms)
				InitializePlatformSupportModulesInManaged (9ms)
				SetLoadedEditorAssemblies (1ms)
				RefreshPlugins (1ms)
				BeforeProcessingInitializeOnLoad (168ms)
				ProcessInitializeOnLoadAttributes (386ms)
				ProcessInitializeOnLoadMethodAttributes (11ms)
				AfterProcessingInitializeOnLoad (11ms)
				EditorAssembliesLoaded (0ms)
			ExecutionOrderSort2 (0ms)
			AwakeInstancesAfterBackupRestoration (19ms)
Platform modules already initialized, skipping
Switching build target platform(19) subTarget(0) extendedPlatform(0) -> platform(13) subTarget(537395200) extendedPlatform(0)
Refreshing native plugins compatible for Editor in 1.03 ms, found 3 plugins.
Preloading 0 native plugins for Editor in 0.00 ms.
Unloading 2193 Unused Serialized files (Serialized files now loaded: 0)
System memory in use before: 100.0 MB.
System memory in use after: 99.9 MB.

Unloading 29 unused Assets to reduce memory usage. Loaded Objects now: 2684.
Total: 6.632300 ms (FindLiveObjects: 0.403400 ms CreateObjectMapping: 0.162000 ms MarkObjects: 5.691800 ms  DeleteObjects: 0.372900 ms)

AssetImportParameters requested are different than current active one (requested -> active):
  custom:framework-win-MediaFoundation: 216162199b28c13a410421893ffa2e32 -> 
  custom:video-decoder-ogg-theora: a1e56fd34408186e4bbccfd4996cb3dc -> 
  custom:container-muxer-webm: aa71ff27fc2769a1b78a27578f13a17b -> 
  custom:container-demuxer-webm: 4f35f7cbe854078d1ac9338744f61a02 -> 
  custom:container-demuxer-ogg: 62fdf1f143b41e24485cea50d1cbac27 -> 
  custom:video-encoder-webm-vp8: eb34c28f22e8b96e1ab97ce403110664 -> 
  custom:video-decoder-webm-vp8: 9c59270c3fd7afecdb556c50c9e8de78 -> 
  custom:graphics/normal-map-encoding: 01000000000000000000000000000000 -> 02000000000000000000000000000000
  custom:audio-decoder-ogg-vorbis: bf7c407c2cedff20999df2af8eb42d56 -> 
  custom:audio-encoder-webm-vorbis: bf7c407c2cedff20999df2af8eb42d56 -> 
========================================================================
Received Import Request.
  Time since last request: 135.897290 seconds.
  path: Assets/Shaders/Test.shader
  artifactKey: Guid(dab138bda0722a142b6d543f36fdf21e) Importer(815301076,1909f56bfc062723c751e8b465ee728b)
Start importing Assets/Shaders/Test.shader using Guid(dab138bda0722a142b6d543f36fdf21e) Importer(815301076,1909f56bfc062723c751e8b465ee728b)  -> (artifact id: '25b5fc399b61fcf49961ac45d37c1626') in 0.023145 seconds 
  Import took 0.029631 seconds .

========================================================================
Received Prepare
Registering precompiled user dll's ...
Registered in 0.005716 seconds.
Begin MonoManager ReloadAssembly
Native extension for WindowsStandalone target not found
Refreshing native plugins compatible for Editor in 1.03 ms, found 3 plugins.
Preloading 0 native plugins for Editor in 0.00 ms.
Mono: successfully reloaded assembly
- Completed reload, in  1.960 seconds
Domain Reload Profiling:
	ReloadAssembly (1961ms)
		BeginReloadAssembly (183ms)
			ExecutionOrderSort (0ms)
			DisableScriptedObjects (12ms)
			BackupInstance (0ms)
			ReleaseScriptingObjects (0ms)
			CreateAndSetChildDomain (55ms)
		EndReloadAssembly (1651ms)
			LoadAssemblies (174ms)
			RebuildTransferFunctionScriptingTraits (0ms)
			SetupTypeCache (533ms)
			ReleaseScriptCaches (2ms)
			RebuildScriptCaches (85ms)
			SetupLoadedEditorAssemblies (574ms)
				LogAssemblyErrors (0ms)
				InitializePlatformSupportModulesInManaged (9ms)
				SetLoadedEditorAssemblies (1ms)
				RefreshPlugins (1ms)
				BeforeProcessingInitializeOnLoad (162ms)
				ProcessInitializeOnLoadAttributes (376ms)
				ProcessInitializeOnLoadMethodAttributes (12ms)
				AfterProcessingInitializeOnLoad (12ms)
				EditorAssembliesLoaded (0ms)
			ExecutionOrderSort2 (0ms)
			AwakeInstancesAfterBackupRestoration (21ms)
Platform modules already initialized, skipping
Switching build target platform(19) subTarget(0) extendedPlatform(0) -> platform(13) subTarget(537395200) extendedPlatform(0)
Refreshing native plugins compatible for Editor in 1.03 ms, found 3 plugins.
Preloading 0 native plugins for Editor in 0.00 ms.
Unloading 2191 Unused Serialized files (Serialized files now loaded: 0)
System memory in use before: 99.7 MB.
System memory in use after: 99.7 MB.

Unloading 28 unused Assets to reduce memory usage. Loaded Objects now: 2687.
Total: 6.505500 ms (FindLiveObjects: 0.352000 ms CreateObjectMapping: 0.139000 ms MarkObjects: 5.650600 ms  DeleteObjects: 0.361500 ms)

AssetImportParameters requested are different than current active one (requested -> active):
  custom:framework-win-MediaFoundation: 216162199b28c13a410421893ffa2e32 -> 
  custom:video-decoder-ogg-theora: a1e56fd34408186e4bbccfd4996cb3dc -> 
  custom:container-muxer-webm: aa71ff27fc2769a1b78a27578f13a17b -> 
  custom:container-demuxer-webm: 4f35f7cbe854078d1ac9338744f61a02 -> 
  custom:container-demuxer-ogg: 62fdf1f143b41e24485cea50d1cbac27 -> 
  custom:video-encoder-webm-vp8: eb34c28f22e8b96e1ab97ce403110664 -> 
  custom:video-decoder-webm-vp8: 9c59270c3fd7afecdb556c50c9e8de78 -> 
  custom:graphics/normal-map-encoding: 01000000000000000000000000000000 -> 02000000000000000000000000000000
  custom:audio-decoder-ogg-vorbis: bf7c407c2cedff20999df2af8eb42d56 -> 
  custom:audio-encoder-webm-vorbis: bf7c407c2cedff20999df2af8eb42d56 -> 
========================================================================
Received Import Request.
  Time since last request: 437.172430 seconds.
  path: Assets/3D Models/Cup/Materials/Low-Poly_Plastic cup_color.mat
  artifactKey: Guid(96283511a62be4145a8384042953a355) Importer(815301076,1909f56bfc062723c751e8b465ee728b)
Start importing Assets/3D Models/Cup/Materials/Low-Poly_Plastic cup_color.mat using Guid(96283511a62be4145a8384042953a355) Importer(815301076,1909f56bfc062723c751e8b465ee728b)  -> (artifact id: 'ecb077855f4d6ec2aa6bbbde685b2f5e') in 0.492151 seconds 
  Import took 0.499336 seconds .

========================================================================
Received Import Request.
  Time since last request: 388.451953 seconds.
  path: Assets/3D Models/Low Poly Cars (Free)_fbx
  artifactKey: Guid(8e1763dc26886b540b8fae4dc8314aa8) Importer(815301076,1909f56bfc062723c751e8b465ee728b)
Start importing Assets/3D Models/Low Poly Cars (Free)_fbx using Guid(8e1763dc26886b540b8fae4dc8314aa8) Importer(815301076,1909f56bfc062723c751e8b465ee728b)  -> (artifact id: '74039fc6b284f9e990bea007b53ad0d5') in 0.005077 seconds 
  Import took 0.011582 seconds .

========================================================================
Received Import Request.
  Time since last request: 1.635986 seconds.
  path: Assets/3D Models/Low Poly Cars (Free)_fbx/Models
  artifactKey: Guid(23e00507b9e667c4da943ccea560af59) Importer(815301076,1909f56bfc062723c751e8b465ee728b)
Start importing Assets/3D Models/Low Poly Cars (Free)_fbx/Models using Guid(23e00507b9e667c4da943ccea560af59) Importer(815301076,1909f56bfc062723c751e8b465ee728b)  -> (artifact id: '33e79eaf1e610d470b386d8d6dacf168') in 0.006278 seconds 
  Import took 0.012663 seconds .

========================================================================
Received Import Request.
  Time since last request: 0.057291 seconds.
  path: Assets/3D Models/Low Poly Cars (Free)_fbx/Models/car_1.fbx
  artifactKey: Guid(cb8ad8696b6d27649abc823d3636ce81) Importer(815301076,1909f56bfc062723c751e8b465ee728b)
Start importing Assets/3D Models/Low Poly Cars (Free)_fbx/Models/car_1.fbx using Guid(cb8ad8696b6d27649abc823d3636ce81) Importer(815301076,1909f56bfc062723c751e8b465ee728b)  -> (artifact id: '5c3bef60acc6d70e7d896f968de2f02a') in 0.218390 seconds 
  Import took 0.224686 seconds .

========================================================================
Received Import Request.
  Time since last request: 0.000436 seconds.
  path: Assets/3D Models/Low Poly Cars (Free)_fbx/Models/car_2.fbx
  artifactKey: Guid(5230c59d81953594fbe677a40c3d70db) Importer(815301076,1909f56bfc062723c751e8b465ee728b)
Start importing Assets/3D Models/Low Poly Cars (Free)_fbx/Models/car_2.fbx using Guid(5230c59d81953594fbe677a40c3d70db) Importer(815301076,1909f56bfc062723c751e8b465ee728b)  -> (artifact id: '652353e5056e37ff34f5b826e1c66c5c') in 0.116721 seconds 
  Import took 0.122881 seconds .

========================================================================
Received Import Request.
  Time since last request: 66.652085 seconds.
  path: Assets/3D Models/Low Poly Cars (Free)_fbx/Textures
  artifactKey: Guid(7813d40abad6b824ebc442c8702650f2) Importer(815301076,1909f56bfc062723c751e8b465ee728b)
Start importing Assets/3D Models/Low Poly Cars (Free)_fbx/Textures using Guid(7813d40abad6b824ebc442c8702650f2) Importer(815301076,1909f56bfc062723c751e8b465ee728b)  -> (artifact id: 'f0f5dcedf703f634c58f1f249e374662') in 0.004694 seconds 
  Import took 0.010924 seconds .

========================================================================
Received Import Request.
  Time since last request: 0.060730 seconds.
  path: Assets/3D Models/Low Poly Cars (Free)_fbx/Textures/Car Texture 1.png
  artifactKey: Guid(b5f66494db4773c4485fe709ef3c7d4a) Importer(815301076,1909f56bfc062723c751e8b465ee728b)
Start importing Assets/3D Models/Low Poly Cars (Free)_fbx/Textures/Car Texture 1.png using Guid(b5f66494db4773c4485fe709ef3c7d4a) Importer(815301076,1909f56bfc062723c751e8b465ee728b)  -> (artifact id: 'c5f513da38a8ce1d19cbafc9d474ce36') in 0.079501 seconds 
  Import took 0.085961 seconds .

========================================================================
Received Import Request.
  Time since last request: 0.000435 seconds.
  path: Assets/3D Models/Low Poly Cars (Free)_fbx/Textures/Car Texture 2.png
  artifactKey: Guid(a8092d04e6fa6584bbe81b67243a0e73) Importer(815301076,1909f56bfc062723c751e8b465ee728b)
Start importing Assets/3D Models/Low Poly Cars (Free)_fbx/Textures/Car Texture 2.png using Guid(a8092d04e6fa6584bbe81b67243a0e73) Importer(815301076,1909f56bfc062723c751e8b465ee728b)  -> (artifact id: 'cac077fa7c62ceff87a086b2d0d23663') in 0.026746 seconds 
  Import took 0.032923 seconds .

========================================================================
Received Import Request.
  Time since last request: 71.787798 seconds.
  path: Assets/Shaders/Mask.shader
  artifactKey: Guid(8d2c7d473c1274f41ad5a9051b7d67a1) Importer(815301076,1909f56bfc062723c751e8b465ee728b)
Start importing Assets/Shaders/Mask.shader using Guid(8d2c7d473c1274f41ad5a9051b7d67a1) Importer(815301076,1909f56bfc062723c751e8b465ee728b)  -> (artifact id: '5c845a0d4a503b774e8c6d1675bb35d3') in 0.007052 seconds 
  Import took 0.014170 seconds .

========================================================================
Received Import Request.
  Time since last request: 9.014471 seconds.
  path: Assets/Shaders/Stencil.shader
  artifactKey: Guid(8d2c7d473c1274f41ad5a9051b7d67a1) Importer(815301076,1909f56bfc062723c751e8b465ee728b)
Start importing Assets/Shaders/Stencil.shader using Guid(8d2c7d473c1274f41ad5a9051b7d67a1) Importer(815301076,1909f56bfc062723c751e8b465ee728b)  -> (artifact id: '39dc4f658eaa35d65298f9600d6e09f5') in 0.007696 seconds 
  Import took 0.014236 seconds .

========================================================================
Received Import Request.
  Time since last request: 17.837097 seconds.
  path: Assets/Shaders/Stencil.shader
  artifactKey: Guid(8d2c7d473c1274f41ad5a9051b7d67a1) Importer(815301076,1909f56bfc062723c751e8b465ee728b)
Start importing Assets/Shaders/Stencil.shader using Guid(8d2c7d473c1274f41ad5a9051b7d67a1) Importer(815301076,1909f56bfc062723c751e8b465ee728b)  -> (artifact id: 'd882728977cd4ae46823867d8fbff9a6') in 0.006402 seconds 
  Import took 0.013082 seconds .

========================================================================
Received Import Request.
  Time since last request: 0.415708 seconds.
  path: Assets/Shaders/WriteStencil.shader
  artifactKey: Guid(689ee90f3c941d142a01d5547e0becb8) Importer(815301076,1909f56bfc062723c751e8b465ee728b)
Start importing Assets/Shaders/WriteStencil.shader using Guid(689ee90f3c941d142a01d5547e0becb8) Importer(815301076,1909f56bfc062723c751e8b465ee728b)  -> (artifact id: '539b18dddb4876879923a6a0fb5cd64b') in 0.004398 seconds 
  Import took 0.010759 seconds .

========================================================================
Received Import Request.
  Time since last request: 4.259396 seconds.
  path: Assets/Shaders/Mask.shader
  artifactKey: Guid(689ee90f3c941d142a01d5547e0becb8) Importer(815301076,1909f56bfc062723c751e8b465ee728b)
Start importing Assets/Shaders/Mask.shader using Guid(689ee90f3c941d142a01d5547e0becb8) Importer(815301076,1909f56bfc062723c751e8b465ee728b)  -> (artifact id: '3e276d2e1b1452ad39bd751fd8d7e0a4') in 0.004768 seconds 
  Import took 0.011053 seconds .

========================================================================
Received Import Request.
  Time since last request: 14.858908 seconds.
  path: Assets/Shaders/Mask.shader
  artifactKey: Guid(689ee90f3c941d142a01d5547e0becb8) Importer(815301076,1909f56bfc062723c751e8b465ee728b)
Start importing Assets/Shaders/Mask.shader using Guid(689ee90f3c941d142a01d5547e0becb8) Importer(815301076,1909f56bfc062723c751e8b465ee728b)  -> (artifact id: '86469ca2ba8b94040ee987c8244d8bc7') in 0.005135 seconds 
  Import took 0.011335 seconds .

========================================================================
Received Import Request.
  Time since last request: 23.565588 seconds.
  path: Assets/Shaders/MaskableObj.shader
  artifactKey: Guid(8d2c7d473c1274f41ad5a9051b7d67a1) Importer(815301076,1909f56bfc062723c751e8b465ee728b)
Start importing Assets/Shaders/MaskableObj.shader using Guid(8d2c7d473c1274f41ad5a9051b7d67a1) Importer(815301076,1909f56bfc062723c751e8b465ee728b)  -> (artifact id: 'c375f5c168b247da849eb38a6cb205dc') in 0.007303 seconds 
  Import took 0.013865 seconds .

========================================================================
Received Import Request.
  Time since last request: 9.786222 seconds.
  path: Assets/Shaders/MaskableObj.shader
  artifactKey: Guid(8d2c7d473c1274f41ad5a9051b7d67a1) Importer(815301076,1909f56bfc062723c751e8b465ee728b)
Start importing Assets/Shaders/MaskableObj.shader using Guid(8d2c7d473c1274f41ad5a9051b7d67a1) Importer(815301076,1909f56bfc062723c751e8b465ee728b)  -> (artifact id: '2fccaaf94cc4892d96d9cd4dbed5b2da') in 0.006338 seconds 
  Import took 0.013435 seconds .

========================================================================
Received Prepare
Registering precompiled user dll's ...
Registered in 0.005743 seconds.
Begin MonoManager ReloadAssembly
Native extension for WindowsStandalone target not found
Refreshing native plugins compatible for Editor in 1.04 ms, found 3 plugins.
Preloading 0 native plugins for Editor in 0.00 ms.
Mono: successfully reloaded assembly
- Completed reload, in  1.960 seconds
Domain Reload Profiling:
	ReloadAssembly (1961ms)
		BeginReloadAssembly (199ms)
			ExecutionOrderSort (0ms)
			DisableScriptedObjects (11ms)
			BackupInstance (0ms)
			ReleaseScriptingObjects (0ms)
			CreateAndSetChildDomain (60ms)
		EndReloadAssembly (1638ms)
			LoadAssemblies (161ms)
			RebuildTransferFunctionScriptingTraits (0ms)
			SetupTypeCache (533ms)
			ReleaseScriptCaches (2ms)
			RebuildScriptCaches (85ms)
			SetupLoadedEditorAssemblies (572ms)
				LogAssemblyErrors (0ms)
				InitializePlatformSupportModulesInManaged (9ms)
				SetLoadedEditorAssemblies (1ms)
				RefreshPlugins (1ms)
				BeforeProcessingInitializeOnLoad (164ms)
				ProcessInitializeOnLoadAttributes (372ms)
				ProcessInitializeOnLoadMethodAttributes (14ms)
				AfterProcessingInitializeOnLoad (11ms)
				EditorAssembliesLoaded (0ms)
			ExecutionOrderSort2 (0ms)
			AwakeInstancesAfterBackupRestoration (20ms)
Platform modules already initialized, skipping
Switching build target platform(19) subTarget(0) extendedPlatform(0) -> platform(13) subTarget(537395200) extendedPlatform(0)
Refreshing native plugins compatible for Editor in 1.05 ms, found 3 plugins.
Preloading 0 native plugins for Editor in 0.00 ms.
Unloading 2191 Unused Serialized files (Serialized files now loaded: 0)
System memory in use before: 99.9 MB.
System memory in use after: 100.1 MB.

Unloading 27 unused Assets to reduce memory usage. Loaded Objects now: 2697.
Total: 6.338300 ms (FindLiveObjects: 0.385300 ms CreateObjectMapping: 0.156600 ms MarkObjects: 5.754400 ms  DeleteObjects: 0.039500 ms)

AssetImportParameters requested are different than current active one (requested -> active):
  custom:framework-win-MediaFoundation: 216162199b28c13a410421893ffa2e32 -> 
  custom:video-decoder-ogg-theora: a1e56fd34408186e4bbccfd4996cb3dc -> 
  custom:container-muxer-webm: aa71ff27fc2769a1b78a27578f13a17b -> 
  custom:container-demuxer-webm: 4f35f7cbe854078d1ac9338744f61a02 -> 
  custom:container-demuxer-ogg: 62fdf1f143b41e24485cea50d1cbac27 -> 
  custom:video-encoder-webm-vp8: eb34c28f22e8b96e1ab97ce403110664 -> 
  custom:video-decoder-webm-vp8: 9c59270c3fd7afecdb556c50c9e8de78 -> 
  custom:graphics/normal-map-encoding: 01000000000000000000000000000000 -> 02000000000000000000000000000000
  custom:audio-decoder-ogg-vorbis: bf7c407c2cedff20999df2af8eb42d56 -> 
  custom:audio-encoder-webm-vorbis: bf7c407c2cedff20999df2af8eb42d56 -> 
========================================================================
Received Prepare
Registering precompiled user dll's ...
Registered in 0.005768 seconds.
Begin MonoManager ReloadAssembly
Native extension for WindowsStandalone target not found
Refreshing native plugins compatible for Editor in 1.18 ms, found 3 plugins.
Preloading 0 native plugins for Editor in 0.00 ms.
Mono: successfully reloaded assembly
- Completed reload, in  1.987 seconds
Domain Reload Profiling:
	ReloadAssembly (1987ms)
		BeginReloadAssembly (192ms)
			ExecutionOrderSort (0ms)
			DisableScriptedObjects (12ms)
			BackupInstance (0ms)
			ReleaseScriptingObjects (0ms)
			CreateAndSetChildDomain (57ms)
		EndReloadAssembly (1668ms)
			LoadAssemblies (166ms)
			RebuildTransferFunctionScriptingTraits (0ms)
			SetupTypeCache (532ms)
			ReleaseScriptCaches (2ms)
			RebuildScriptCaches (85ms)
			SetupLoadedEditorAssemblies (576ms)
				LogAssemblyErrors (0ms)
				InitializePlatformSupportModulesInManaged (9ms)
				SetLoadedEditorAssemblies (1ms)
				RefreshPlugins (1ms)
				BeforeProcessingInitializeOnLoad (169ms)
				ProcessInitializeOnLoadAttributes (374ms)
				ProcessInitializeOnLoadMethodAttributes (11ms)
				AfterProcessingInitializeOnLoad (11ms)
				EditorAssembliesLoaded (0ms)
			ExecutionOrderSort2 (0ms)
			AwakeInstancesAfterBackupRestoration (20ms)
Platform modules already initialized, skipping
Switching build target platform(19) subTarget(0) extendedPlatform(0) -> platform(13) subTarget(537395200) extendedPlatform(0)
Refreshing native plugins compatible for Editor in 1.09 ms, found 3 plugins.
Preloading 0 native plugins for Editor in 0.00 ms.
Unloading 2190 Unused Serialized files (Serialized files now loaded: 0)
System memory in use before: 99.8 MB.
System memory in use after: 99.9 MB.

Unloading 27 unused Assets to reduce memory usage. Loaded Objects now: 2700.
Total: 6.235600 ms (FindLiveObjects: 0.431500 ms CreateObjectMapping: 0.158400 ms MarkObjects: 5.606500 ms  DeleteObjects: 0.036500 ms)

AssetImportParameters requested are different than current active one (requested -> active):
  custom:framework-win-MediaFoundation: 216162199b28c13a410421893ffa2e32 -> 
  custom:video-decoder-ogg-theora: a1e56fd34408186e4bbccfd4996cb3dc -> 
  custom:container-muxer-webm: aa71ff27fc2769a1b78a27578f13a17b -> 
  custom:container-demuxer-webm: 4f35f7cbe854078d1ac9338744f61a02 -> 
  custom:container-demuxer-ogg: 62fdf1f143b41e24485cea50d1cbac27 -> 
  custom:video-encoder-webm-vp8: eb34c28f22e8b96e1ab97ce403110664 -> 
  custom:video-decoder-webm-vp8: 9c59270c3fd7afecdb556c50c9e8de78 -> 
  custom:graphics/normal-map-encoding: 01000000000000000000000000000000 -> 02000000000000000000000000000000
  custom:audio-decoder-ogg-vorbis: bf7c407c2cedff20999df2af8eb42d56 -> 
  custom:audio-encoder-webm-vorbis: bf7c407c2cedff20999df2af8eb42d56 -> 
